::ffff:127.0.0.1 - - [12/Mar/2026 20:13:35] "GET / HTTP/1.1" 200 -
::1 - - [12/Mar/2026 21:46:52] "GET / HTTP/1.1" 200 -
::1 - - [12/Mar/2026 21:46:52] "GET /styles.css HTTP/1.1" 200 -
::1 - - [12/Mar/2026 21:46:52] "GET /help-guide.css HTTP/1.1" 200 -
::1 - - [12/Mar/2026 21:46:52] "GET /predictions-utils.js HTTP/1.1" 200 -
::1 - - [12/Mar/2026 21:46:52] "GET /predictions-module.js HTTP/1.1" 200 -
::1 - - [12/Mar/2026 21:46:52] "GET /lice-predictions-module.js HTTP/1.1" 200 -
::1 - - [12/Mar/2026 21:46:52] "GET /vessel-risk-module.js HTTP/1.1" 200 -
::1 - - [12/Mar/2026 21:46:52] "GET /audit-module.js HTTP/1.1" 200 -
::1 - - [12/Mar/2026 21:46:52] "GET /vessel-ops-module.js HTTP/1.1" 200 -
::1 - - [12/Mar/2026 21:46:52] "GET /smittespredning-module.js HTTP/1.1" 200 -
::1 - - [12/Mar/2026 21:46:52] "GET /facility-risk-module.js HTTP/1.1" 200 -
::1 - - [12/Mar/2026 21:46:52] "GET /correlation-network-module.js HTTP/1.1" 200 -
::1 - - [12/Mar/2026 21:46:52] "GET /admin-panel-module.js HTTP/1.1" 200 -
::1 - - [12/Mar/2026 21:46:52] "GET /overview-risk-module.js HTTP/1.1" 200 -
::1 - - [12/Mar/2026 21:46:52] "GET /data-loading-module.js HTTP/1.1" 200 -
::1 - - [12/Mar/2026 21:46:52] "GET /admin-core-module.js HTTP/1.1" 200 -
::1 - - [12/Mar/2026 21:46:52] "GET /ui-orchestration-module.js HTTP/1.1" 200 -
::1 - - [12/Mar/2026 21:46:52] "GET /listeners-module.js HTTP/1.1" 200 -
::1 - - [12/Mar/2026 21:46:52] "GET /correlation-detail-module.js HTTP/1.1" 200 -
::1 - - [12/Mar/2026 21:46:52] "GET /admin-correlations-render-module.js HTTP/1.1" 200 -
::1 - - [12/Mar/2026 21:46:52] "GET /admin-load-fallback-module.js HTTP/1.1" 200 -
::1 - - [12/Mar/2026 21:46:52] "GET /modal-helpers-module.js HTTP/1.1" 200 -
::1 - - [12/Mar/2026 21:46:52] "GET /graph-highlight-module.js HTTP/1.1" 200 -
::1 - - [12/Mar/2026 21:46:52] "GET /graph-controls-module.js HTTP/1.1" 200 -
::1 - - [12/Mar/2026 21:46:52] "GET /priority-actions-module.js HTTP/1.1" 200 -
::1 - - [12/Mar/2026 21:46:52] "GET /admin-actions-module.js HTTP/1.1" 200 -
::1 - - [12/Mar/2026 21:46:52] "GET /modal-events-module.js HTTP/1.1" 200 -
::1 - - [12/Mar/2026 21:46:52] "GET /ui-filter-bindings-module.js HTTP/1.1" 200 -
::1 - - [12/Mar/2026 21:46:52] "GET /smitte-listeners-module.js HTTP/1.1" 200 -
::1 - - [12/Mar/2026 21:46:52] "GET /core-load-bindings-module.js HTTP/1.1" 200 -
::1 - - [12/Mar/2026 21:46:52] "GET /vessel-risk-filters-module.js HTTP/1.1" 200 -
::1 - - [12/Mar/2026 21:46:52] "GET /predictions-zone-filters-module.js HTTP/1.1" 200 -
::1 - - [12/Mar/2026 21:46:52] "GET /vessel-search-module.js HTTP/1.1" 200 -
::1 - - [12/Mar/2026 21:46:52] "GET /lice-overview-module.js HTTP/1.1" 200 -
::1 - - [12/Mar/2026 21:46:52] "GET /b-surveys-module.js HTTP/1.1" 200 -
::1 - - [12/Mar/2026 21:46:52] "GET /dom-init-module.js HTTP/1.1" 200 -
::1 - - [12/Mar/2026 21:46:52] "GET /help-guide.js HTTP/1.1" 200 -
::1 - - [12/Mar/2026 21:46:52] "GET /auto-load-manager.js HTTP/1.1" 200 -
::1 - - [12/Mar/2026 21:46:52] "GET /app.js HTTP/1.1" 200 -
::1 - - [12/Mar/2026 21:46:52] "GET /shared-glossary.json HTTP/1.1" 200 -
::1 - - [12/Mar/2026 21:46:52] "GET /favicon.svg HTTP/1.1" 200 -
::1 - - [13/Mar/2026 06:11:27] "GET / HTTP/1.1" 200 -
::1 - - [13/Mar/2026 06:11:27] "GET /styles.css HTTP/1.1" 200 -
::1 - - [13/Mar/2026 06:11:27] "GET /help-guide.css HTTP/1.1" 200 -
::1 - - [13/Mar/2026 06:11:27] "GET /predictions-utils.js HTTP/1.1" 200 -
::1 - - [13/Mar/2026 06:11:27] "GET /predictions-module.js HTTP/1.1" 200 -
::1 - - [13/Mar/2026 06:11:27] "GET /lice-predictions-module.js HTTP/1.1" 200 -
::1 - - [13/Mar/2026 06:11:27] "GET /audit-module.js HTTP/1.1" 200 -
::1 - - [13/Mar/2026 06:11:27] "GET /vessel-risk-module.js HTTP/1.1" 200 -
::1 - - [13/Mar/2026 06:11:27] "GET /vessel-ops-module.js HTTP/1.1" 200 -
::1 - - [13/Mar/2026 06:11:27] "GET /smittespredning-module.js HTTP/1.1" 200 -
::1 - - [13/Mar/2026 06:11:27] "GET /facility-risk-module.js HTTP/1.1" 200 -
::1 - - [13/Mar/2026 06:11:27] "GET /correlation-network-module.js HTTP/1.1" 200 -
::1 - - [13/Mar/2026 06:11:27] "GET /admin-panel-module.js HTTP/1.1" 200 -
::1 - - [13/Mar/2026 06:11:27] "GET /overview-risk-module.js HTTP/1.1" 200 -
::1 - - [13/Mar/2026 06:11:27] "GET /data-loading-module.js HTTP/1.1" 200 -
::1 - - [13/Mar/2026 06:11:27] "GET /admin-core-module.js HTTP/1.1" 200 -
::1 - - [13/Mar/2026 06:11:27] "GET /ui-orchestration-module.js HTTP/1.1" 200 -
::1 - - [13/Mar/2026 06:11:27] "GET /listeners-module.js HTTP/1.1" 200 -
::1 - - [13/Mar/2026 06:11:27] "GET /correlation-detail-module.js HTTP/1.1" 200 -
::1 - - [13/Mar/2026 06:11:27] "GET /admin-correlations-render-module.js HTTP/1.1" 200 -
::1 - - [13/Mar/2026 06:11:27] "GET /admin-load-fallback-module.js HTTP/1.1" 200 -
::1 - - [13/Mar/2026 06:11:27] "GET /graph-highlight-module.js HTTP/1.1" 200 -
::1 - - [13/Mar/2026 06:11:27] "GET /modal-helpers-module.js HTTP/1.1" 200 -
::1 - - [13/Mar/2026 06:11:27] "GET /graph-controls-module.js HTTP/1.1" 200 -
::1 - - [13/Mar/2026 06:11:27] "GET /priority-actions-module.js HTTP/1.1" 200 -
::1 - - [13/Mar/2026 06:11:27] "GET /admin-actions-module.js HTTP/1.1" 200 -
::1 - - [13/Mar/2026 06:11:27] "GET /modal-events-module.js HTTP/1.1" 200 -
::1 - - [13/Mar/2026 06:11:28] "GET /ui-filter-bindings-module.js HTTP/1.1" 200 -
::1 - - [13/Mar/2026 06:11:28] "GET /core-load-bindings-module.js HTTP/1.1" 200 -
::1 - - [13/Mar/2026 06:11:28] "GET /smitte-listeners-module.js HTTP/1.1" 200 -
::1 - - [13/Mar/2026 06:11:28] "GET /vessel-risk-filters-module.js HTTP/1.1" 200 -
::1 - - [13/Mar/2026 06:11:28] "GET /predictions-zone-filters-module.js HTTP/1.1" 200 -
::1 - - [13/Mar/2026 06:11:28] "GET /vessel-search-module.js HTTP/1.1" 200 -
::1 - - [13/Mar/2026 06:11:28] "GET /b-surveys-module.js HTTP/1.1" 200 -
::1 - - [13/Mar/2026 06:11:28] "GET /lice-overview-module.js HTTP/1.1" 200 -
::1 - - [13/Mar/2026 06:11:28] "GET /help-guide.js HTTP/1.1" 200 -
::1 - - [13/Mar/2026 06:11:28] "GET /dom-init-module.js HTTP/1.1" 200 -
::1 - - [13/Mar/2026 06:11:28] "GET /auto-load-manager.js HTTP/1.1" 200 -
::1 - - [13/Mar/2026 06:11:28] "GET /app.js HTTP/1.1" 200 -
::1 - - [13/Mar/2026 06:11:28] "GET /shared-glossary.json HTTP/1.1" 200 -
::1 - - [13/Mar/2026 06:11:28] "GET /favicon.svg HTTP/1.1" 200 -
::1 - - [13/Mar/2026 22:15:37] "GET / HTTP/1.1" 200 -
::1 - - [13/Mar/2026 22:15:37] "GET /styles.css HTTP/1.1" 200 -
::1 - - [13/Mar/2026 22:15:37] "GET /help-guide.css HTTP/1.1" 200 -
::1 - - [13/Mar/2026 22:15:37] "GET /predictions-module.js HTTP/1.1" 200 -
::1 - - [13/Mar/2026 22:15:37] "GET /vessel-risk-module.js HTTP/1.1" 200 -
::1 - - [13/Mar/2026 22:15:37] "GET /predictions-utils.js HTTP/1.1" 200 -
::1 - - [13/Mar/2026 22:15:37] "GET /lice-predictions-module.js HTTP/1.1" 200 -
::1 - - [13/Mar/2026 22:15:38] "GET /vessel-ops-module.js HTTP/1.1" 200 -
::1 - - [13/Mar/2026 22:15:38] "GET /audit-module.js HTTP/1.1" 200 -
::1 - - [13/Mar/2026 22:15:38] "GET /smittespredning-module.js HTTP/1.1" 200 -
::1 - - [13/Mar/2026 22:15:38] "GET /facility-risk-module.js HTTP/1.1" 200 -
::1 - - [13/Mar/2026 22:15:38] "GET /admin-panel-module.js HTTP/1.1" 200 -
::1 - - [13/Mar/2026 22:15:38] "GET /correlation-network-module.js HTTP/1.1" 200 -
::1 - - [13/Mar/2026 22:15:38] "GET /overview-risk-module.js HTTP/1.1" 200 -
::1 - - [13/Mar/2026 22:15:38] "GET /data-loading-module.js HTTP/1.1" 200 -
::1 - - [13/Mar/2026 22:15:38] "GET /admin-core-module.js HTTP/1.1" 200 -
::1 - - [13/Mar/2026 22:15:38] "GET /ui-orchestration-module.js HTTP/1.1" 200 -
::1 - - [13/Mar/2026 22:15:38] "GET /correlation-detail-module.js HTTP/1.1" 200 -
::1 - - [13/Mar/2026 22:15:38] "GET /listeners-module.js HTTP/1.1" 200 -
::1 - - [13/Mar/2026 22:15:38] "GET /admin-load-fallback-module.js HTTP/1.1" 200 -
::1 - - [13/Mar/2026 22:15:38] "GET /admin-correlations-render-module.js HTTP/1.1" 200 -
::1 - - [13/Mar/2026 22:15:38] "GET /modal-helpers-module.js HTTP/1.1" 200 -
::1 - - [13/Mar/2026 22:15:38] "GET /graph-controls-module.js HTTP/1.1" 200 -
::1 - - [13/Mar/2026 22:15:38] "GET /priority-actions-module.js HTTP/1.1" 200 -
::1 - - [13/Mar/2026 22:15:38] "GET /graph-highlight-module.js HTTP/1.1" 200 -
::1 - - [13/Mar/2026 22:15:38] "GET /admin-actions-module.js HTTP/1.1" 200 -
::1 - - [13/Mar/2026 22:15:38] "GET /modal-events-module.js HTTP/1.1" 200 -
::1 - - [13/Mar/2026 22:15:38] "GET /ui-filter-bindings-module.js HTTP/1.1" 200 -
::1 - - [13/Mar/2026 22:15:38] "GET /smitte-listeners-module.js HTTP/1.1" 200 -
::1 - - [13/Mar/2026 22:15:38] "GET /core-load-bindings-module.js HTTP/1.1" 200 -
::1 - - [13/Mar/2026 22:15:38] "GET /vessel-risk-filters-module.js HTTP/1.1" 200 -
::1 - - [13/Mar/2026 22:15:38] "GET /vessel-search-module.js HTTP/1.1" 200 -
::1 - - [13/Mar/2026 22:15:38] "GET /predictions-zone-filters-module.js HTTP/1.1" 200 -
::1 - - [13/Mar/2026 22:15:38] "GET /b-surveys-module.js HTTP/1.1" 200 -
::1 - - [13/Mar/2026 22:15:38] "GET /dom-init-module.js HTTP/1.1" 200 -
::1 - - [13/Mar/2026 22:15:38] "GET /lice-overview-module.js HTTP/1.1" 200 -
::1 - - [13/Mar/2026 22:15:38] "GET /help-guide.js HTTP/1.1" 200 -
::1 - - [13/Mar/2026 22:15:38] "GET /auto-load-manager.js HTTP/1.1" 200 -
::1 - - [13/Mar/2026 22:15:38] "GET /app.js HTTP/1.1" 200 -
::1 - - [13/Mar/2026 22:15:38] "GET /shared-glossary.json HTTP/1.1" 200 -
::1 - - [13/Mar/2026 22:15:38] "GET /favicon.svg HTTP/1.1" 200 -
::1 - - [15/Mar/2026 02:08:08] "GET / HTTP/1.1" 200 -
::1 - - [15/Mar/2026 02:08:08] "GET /styles.css HTTP/1.1" 200 -
::1 - - [15/Mar/2026 02:08:08] "GET /help-guide.css HTTP/1.1" 200 -
::1 - - [15/Mar/2026 02:08:08] "GET /audit-module.js HTTP/1.1" 200 -
::1 - - [15/Mar/2026 02:08:08] "GET /vessel-ops-module.js HTTP/1.1" 200 -
::1 - - [15/Mar/2026 02:08:08] "GET /predictions-module.js HTTP/1.1" 200 -
::1 - - [15/Mar/2026 02:08:08] "GET /predictions-utils.js HTTP/1.1" 200 -
::1 - - [15/Mar/2026 02:08:08] "GET /lice-predictions-module.js HTTP/1.1" 200 -
::1 - - [15/Mar/2026 02:08:08] "GET /vessel-risk-module.js HTTP/1.1" 200 -
::1 - - [15/Mar/2026 02:08:08] "GET /overview-risk-module.js HTTP/1.1" 200 -
::1 - - [15/Mar/2026 02:08:08] "GET /smittespredning-module.js HTTP/1.1" 200 -
::1 - - [15/Mar/2026 02:08:08] "GET /admin-core-module.js HTTP/1.1" 200 -
::1 - - [15/Mar/2026 02:08:08] "GET /ui-orchestration-module.js HTTP/1.1" 200 -
::1 - - [15/Mar/2026 02:08:08] "GET /facility-risk-module.js HTTP/1.1" 200 -
::1 - - [15/Mar/2026 02:08:08] "GET /correlation-network-module.js HTTP/1.1" 200 -
::1 - - [15/Mar/2026 02:08:08] "GET /admin-panel-module.js HTTP/1.1" 200 -
::1 - - [15/Mar/2026 02:08:08] "GET /admin-load-fallback-module.js HTTP/1.1" 200 -
::1 - - [15/Mar/2026 02:08:08] "GET /data-loading-module.js HTTP/1.1" 200 -
::1 - - [15/Mar/2026 02:08:08] "GET /listeners-module.js HTTP/1.1" 200 -
::1 - - [15/Mar/2026 02:08:08] "GET /admin-correlations-render-module.js HTTP/1.1" 200 -
::1 - - [15/Mar/2026 02:08:08] "GET /correlation-detail-module.js HTTP/1.1" 200 -
::1 - - [15/Mar/2026 02:08:08] "GET /priority-actions-module.js HTTP/1.1" 200 -
::1 - - [15/Mar/2026 02:08:08] "GET /ui-filter-bindings-module.js HTTP/1.1" 200 -
::1 - - [15/Mar/2026 02:08:08] "GET /graph-controls-module.js HTTP/1.1" 200 -
::1 - - [15/Mar/2026 02:08:08] "GET /modal-helpers-module.js HTTP/1.1" 200 -
::1 - - [15/Mar/2026 02:08:08] "GET /graph-highlight-module.js HTTP/1.1" 200 -
::1 - - [15/Mar/2026 02:08:08] "GET /core-load-bindings-module.js HTTP/1.1" 200 -
::1 - - [15/Mar/2026 02:08:08] "GET /vessel-search-module.js HTTP/1.1" 200 -
::1 - - [15/Mar/2026 02:08:08] "GET /admin-actions-module.js HTTP/1.1" 200 -
::1 - - [15/Mar/2026 02:08:08] "GET /modal-events-module.js HTTP/1.1" 200 -
::1 - - [15/Mar/2026 02:08:08] "GET /smitte-listeners-module.js HTTP/1.1" 200 -
::1 - - [15/Mar/2026 02:08:08] "GET /vessel-risk-filters-module.js HTTP/1.1" 200 -
::1 - - [15/Mar/2026 02:08:08] "GET /predictions-zone-filters-module.js HTTP/1.1" 200 -
::1 - - [15/Mar/2026 02:08:08] "GET /auto-load-manager.js HTTP/1.1" 200 -
::1 - - [15/Mar/2026 02:08:08] "GET /dom-init-module.js HTTP/1.1" 200 -
::1 - - [15/Mar/2026 02:08:08] "GET /b-surveys-module.js HTTP/1.1" 200 -
::1 - - [15/Mar/2026 02:08:08] "GET /lice-overview-module.js HTTP/1.1" 200 -
::1 - - [15/Mar/2026 02:08:08] "GET /help-guide.js HTTP/1.1" 200 -
::1 - - [15/Mar/2026 02:08:08] "GET /app.js HTTP/1.1" 200 -
::1 - - [15/Mar/2026 02:08:08] "GET /shared-glossary.json HTTP/1.1" 200 -
::1 - - [15/Mar/2026 02:08:08] "GET /favicon.svg HTTP/1.1" 200 -
::1 - - [15/Mar/2026 05:28:08] "GET / HTTP/1.1" 200 -
::1 - - [15/Mar/2026 05:28:08] "GET /styles.css HTTP/1.1" 200 -
::1 - - [15/Mar/2026 05:28:08] "GET /help-guide.css HTTP/1.1" 200 -
::1 - - [15/Mar/2026 05:28:08] "GET /predictions-utils.js HTTP/1.1" 200 -
::1 - - [15/Mar/2026 05:28:08] "GET /predictions-module.js HTTP/1.1" 200 -
::1 - - [15/Mar/2026 05:28:08] "GET /lice-predictions-module.js HTTP/1.1" 200 -
::1 - - [15/Mar/2026 05:28:08] "GET /vessel-risk-module.js HTTP/1.1" 200 -
::1 - - [15/Mar/2026 05:28:08] "GET /audit-module.js HTTP/1.1" 200 -
::1 - - [15/Mar/2026 05:28:08] "GET /vessel-ops-module.js HTTP/1.1" 200 -
::1 - - [15/Mar/2026 05:28:08] "GET /smittespredning-module.js HTTP/1.1" 200 -
::1 - - [15/Mar/2026 05:28:08] "GET /facility-risk-module.js HTTP/1.1" 200 -
::1 - - [15/Mar/2026 05:28:08] "GET /correlation-network-module.js HTTP/1.1" 200 -
::1 - - [15/Mar/2026 05:28:08] "GET /admin-panel-module.js HTTP/1.1" 200 -
::1 - - [15/Mar/2026 05:28:08] "GET /overview-risk-module.js HTTP/1.1" 200 -
::1 - - [15/Mar/2026 05:28:08] "GET /data-loading-module.js HTTP/1.1" 200 -
::1 - - [15/Mar/2026 05:28:08] "GET /admin-core-module.js HTTP/1.1" 200 -
::1 - - [15/Mar/2026 05:28:08] "GET /ui-orchestration-module.js HTTP/1.1" 200 -
::1 - - [15/Mar/2026 05:28:08] "GET /listeners-module.js HTTP/1.1" 200 -
::1 - - [15/Mar/2026 05:28:08] "GET /correlation-detail-module.js HTTP/1.1" 200 -
::1 - - [15/Mar/2026 05:28:08] "GET /admin-correlations-render-module.js HTTP/1.1" 200 -
::1 - - [15/Mar/2026 05:28:08] "GET /admin-load-fallback-module.js HTTP/1.1" 200 -
::1 - - [15/Mar/2026 05:28:08] "GET /modal-helpers-module.js HTTP/1.1" 200 -
::1 - - [15/Mar/2026 05:28:08] "GET /graph-highlight-module.js HTTP/1.1" 200 -
::1 - - [15/Mar/2026 05:28:08] "GET /graph-controls-module.js HTTP/1.1" 200 -
::1 - - [15/Mar/2026 05:28:08] "GET /priority-actions-module.js HTTP/1.1" 200 -
::1 - - [15/Mar/2026 05:28:08] "GET /admin-actions-module.js HTTP/1.1" 200 -
::1 - - [15/Mar/2026 05:28:08] "GET /modal-events-module.js HTTP/1.1" 200 -
::1 - - [15/Mar/2026 05:28:08] "GET /ui-filter-bindings-module.js HTTP/1.1" 200 -
::1 - - [15/Mar/2026 05:28:08] "GET /smitte-listeners-module.js HTTP/1.1" 200 -
::1 - - [15/Mar/2026 05:28:08] "GET /core-load-bindings-module.js HTTP/1.1" 200 -
::1 - - [15/Mar/2026 05:28:08] "GET /vessel-risk-filters-module.js HTTP/1.1" 200 -
::1 - - [15/Mar/2026 05:28:08] "GET /predictions-zone-filters-module.js HTTP/1.1" 200 -
::1 - - [15/Mar/2026 05:28:08] "GET /vessel-search-module.js HTTP/1.1" 200 -
::1 - - [15/Mar/2026 05:28:08] "GET /b-surveys-module.js HTTP/1.1" 200 -
::1 - - [15/Mar/2026 05:28:08] "GET /lice-overview-module.js HTTP/1.1" 200 -
::1 - - [15/Mar/2026 05:28:08] "GET /dom-init-module.js HTTP/1.1" 200 -
::1 - - [15/Mar/2026 05:28:08] "GET /help-guide.js HTTP/1.1" 200 -
::1 - - [15/Mar/2026 05:28:08] "GET /auto-load-manager.js HTTP/1.1" 200 -
::1 - - [15/Mar/2026 05:28:08] "GET /app.js HTTP/1.1" 200 -
::1 - - [15/Mar/2026 05:28:08] "GET /shared-glossary.json HTTP/1.1" 200 -
::1 - - [15/Mar/2026 05:28:09] "GET /favicon.svg HTTP/1.1" 200 -
::1 - - [15/Mar/2026 05:34:54] "GET / HTTP/1.1" 200 -
::1 - - [15/Mar/2026 05:34:54] "GET /styles.css HTTP/1.1" 200 -
::1 - - [15/Mar/2026 05:34:54] "GET /help-guide.css HTTP/1.1" 200 -
::1 - - [15/Mar/2026 05:34:54] "GET /predictions-utils.js HTTP/1.1" 200 -
::1 - - [15/Mar/2026 05:34:54] "GET /predictions-module.js HTTP/1.1" 200 -
::1 - - [15/Mar/2026 05:34:54] "GET /lice-predictions-module.js HTTP/1.1" 200 -
::1 - - [15/Mar/2026 05:34:54] "GET /vessel-risk-module.js HTTP/1.1" 200 -
::1 - - [15/Mar/2026 05:34:54] "GET /audit-module.js HTTP/1.1" 200 -
::1 - - [15/Mar/2026 05:34:54] "GET /vessel-ops-module.js HTTP/1.1" 200 -
::1 - - [15/Mar/2026 05:34:54] "GET /smittespredning-module.js HTTP/1.1" 200 -
::1 - - [15/Mar/2026 05:34:54] "GET /facility-risk-module.js HTTP/1.1" 200 -
::1 - - [15/Mar/2026 05:34:54] "GET /correlation-network-module.js HTTP/1.1" 200 -
::1 - - [15/Mar/2026 05:34:54] "GET /admin-panel-module.js HTTP/1.1" 200 -
::1 - - [15/Mar/2026 05:34:54] "GET /overview-risk-module.js HTTP/1.1" 200 -
::1 - - [15/Mar/2026 05:34:54] "GET /data-loading-module.js HTTP/1.1" 200 -
::1 - - [15/Mar/2026 05:34:54] "GET /admin-core-module.js HTTP/1.1" 200 -
::1 - - [15/Mar/2026 05:34:54] "GET /ui-orchestration-module.js HTTP/1.1" 200 -
::1 - - [15/Mar/2026 05:34:54] "GET /listeners-module.js HTTP/1.1" 200 -
::1 - - [15/Mar/2026 05:34:54] "GET /correlation-detail-module.js HTTP/1.1" 200 -
::1 - - [15/Mar/2026 05:34:54] "GET /admin-correlations-render-module.js HTTP/1.1" 200 -
::1 - - [15/Mar/2026 05:34:54] "GET /admin-load-fallback-module.js HTTP/1.1" 200 -
::1 - - [15/Mar/2026 05:34:54] "GET /modal-helpers-module.js HTTP/1.1" 200 -
::1 - - [15/Mar/2026 05:34:54] "GET /graph-highlight-module.js HTTP/1.1" 200 -
::1 - - [15/Mar/2026 05:34:54] "GET /graph-controls-module.js HTTP/1.1" 200 -
::1 - - [15/Mar/2026 05:34:54] "GET /priority-actions-module.js HTTP/1.1" 200 -
::1 - - [15/Mar/2026 05:34:54] "GET /admin-actions-module.js HTTP/1.1" 200 -
::1 - - [15/Mar/2026 05:34:54] "GET /modal-events-module.js HTTP/1.1" 200 -
::1 - - [15/Mar/2026 05:34:54] "GET /ui-filter-bindings-module.js HTTP/1.1" 200 -
::1 - - [15/Mar/2026 05:34:54] "GET /smitte-listeners-module.js HTTP/1.1" 200 -
::1 - - [15/Mar/2026 05:34:54] "GET /core-load-bindings-module.js HTTP/1.1" 200 -
::1 - - [15/Mar/2026 05:34:54] "GET /vessel-risk-filters-module.js HTTP/1.1" 200 -
::1 - - [15/Mar/2026 05:34:54] "GET /predictions-zone-filters-module.js HTTP/1.1" 200 -
::1 - - [15/Mar/2026 05:34:54] "GET /vessel-search-module.js HTTP/1.1" 200 -
::1 - - [15/Mar/2026 05:34:54] "GET /b-surveys-module.js HTTP/1.1" 200 -
::1 - - [15/Mar/2026 05:34:54] "GET /lice-overview-module.js HTTP/1.1" 200 -
::1 - - [15/Mar/2026 05:34:54] "GET /dom-init-module.js HTTP/1.1" 200 -
::1 - - [15/Mar/2026 05:34:54] "GET /help-guide.js HTTP/1.1" 200 -
::1 - - [15/Mar/2026 05:34:54] "GET /auto-load-manager.js HTTP/1.1" 200 -
::1 - - [15/Mar/2026 05:34:54] "GET /app.js HTTP/1.1" 200 -
::1 - - [15/Mar/2026 05:34:54] "GET /shared-glossary.json HTTP/1.1" 200 -
::1 - - [15/Mar/2026 05:34:54] "GET /favicon.svg HTTP/1.1" 200 -
::1 - - [15/Mar/2026 05:36:55] "GET / HTTP/1.1" 200 -
::1 - - [15/Mar/2026 05:36:55] "GET /styles.css HTTP/1.1" 200 -
::1 - - [15/Mar/2026 05:36:55] "GET /help-guide.css HTTP/1.1" 200 -
::1 - - [15/Mar/2026 05:36:55] "GET /predictions-utils.js HTTP/1.1" 200 -
::1 - - [15/Mar/2026 05:36:55] "GET /predictions-module.js HTTP/1.1" 200 -
::1 - - [15/Mar/2026 05:36:55] "GET /lice-predictions-module.js HTTP/1.1" 200 -
::1 - - [15/Mar/2026 05:36:55] "GET /vessel-risk-module.js HTTP/1.1" 200 -
::1 - - [15/Mar/2026 05:36:55] "GET /audit-module.js HTTP/1.1" 200 -
::1 - - [15/Mar/2026 05:36:55] "GET /vessel-ops-module.js HTTP/1.1" 200 -
::1 - - [15/Mar/2026 05:36:55] "GET /smittespredning-module.js HTTP/1.1" 200 -
::1 - - [15/Mar/2026 05:36:55] "GET /facility-risk-module.js HTTP/1.1" 200 -
::1 - - [15/Mar/2026 05:36:55] "GET /correlation-network-module.js HTTP/1.1" 200 -
::1 - - [15/Mar/2026 05:36:55] "GET /admin-panel-module.js HTTP/1.1" 200 -
::1 - - [15/Mar/2026 05:36:55] "GET /overview-risk-module.js HTTP/1.1" 200 -
::1 - - [15/Mar/2026 05:36:55] "GET /data-loading-module.js HTTP/1.1" 200 -
::1 - - [15/Mar/2026 05:36:55] "GET /admin-core-module.js HTTP/1.1" 200 -
::1 - - [15/Mar/2026 05:36:55] "GET /ui-orchestration-module.js HTTP/1.1" 200 -
::1 - - [15/Mar/2026 05:36:55] "GET /listeners-module.js HTTP/1.1" 200 -
::1 - - [15/Mar/2026 05:36:55] "GET /correlation-detail-module.js HTTP/1.1" 200 -
::1 - - [15/Mar/2026 05:36:55] "GET /admin-correlations-render-module.js HTTP/1.1" 200 -
::1 - - [15/Mar/2026 05:36:55] "GET /admin-load-fallback-module.js HTTP/1.1" 200 -
::1 - - [15/Mar/2026 05:36:55] "GET /modal-helpers-module.js HTTP/1.1" 200 -
::1 - - [15/Mar/2026 05:36:55] "GET /graph-highlight-module.js HTTP/1.1" 200 -
::1 - - [15/Mar/2026 05:36:55] "GET /graph-controls-module.js HTTP/1.1" 200 -
::1 - - [15/Mar/2026 05:36:55] "GET /priority-actions-module.js HTTP/1.1" 200 -
::1 - - [15/Mar/2026 05:36:55] "GET /admin-actions-module.js HTTP/1.1" 200 -
::1 - - [15/Mar/2026 05:36:55] "GET /ui-filter-bindings-module.js HTTP/1.1" 200 -
::1 - - [15/Mar/2026 05:36:55] "GET /modal-events-module.js HTTP/1.1" 200 -
::1 - - [15/Mar/2026 05:36:55] "GET /smitte-listeners-module.js HTTP/1.1" 200 -
::1 - - [15/Mar/2026 05:36:55] "GET /core-load-bindings-module.js HTTP/1.1" 200 -
::1 - - [15/Mar/2026 05:36:55] "GET /vessel-risk-filters-module.js HTTP/1.1" 200 -
::1 - - [15/Mar/2026 05:36:55] "GET /predictions-zone-filters-module.js HTTP/1.1" 200 -
::1 - - [15/Mar/2026 05:36:55] "GET /vessel-search-module.js HTTP/1.1" 200 -
::1 - - [15/Mar/2026 05:36:55] "GET /b-surveys-module.js HTTP/1.1" 200 -
::1 - - [15/Mar/2026 05:36:55] "GET /lice-overview-module.js HTTP/1.1" 200 -
::1 - - [15/Mar/2026 05:36:55] "GET /dom-init-module.js HTTP/1.1" 200 -
::1 - - [15/Mar/2026 05:36:55] "GET /help-guide.js HTTP/1.1" 200 -
::1 - - [15/Mar/2026 05:36:55] "GET /auto-load-manager.js HTTP/1.1" 200 -
::1 - - [15/Mar/2026 05:36:55] "GET /app.js HTTP/1.1" 200 -
::1 - - [15/Mar/2026 05:36:55] "GET /shared-glossary.json HTTP/1.1" 200 -
::1 - - [15/Mar/2026 05:36:55] "GET /favicon.svg HTTP/1.1" 200 -
::1 - - [15/Mar/2026 05:59:12] "GET / HTTP/1.1" 200 -
::1 - - [15/Mar/2026 05:59:12] "GET /styles.css HTTP/1.1" 200 -
::1 - - [15/Mar/2026 05:59:12] "GET /help-guide.css HTTP/1.1" 200 -
::1 - - [15/Mar/2026 05:59:12] "GET /predictions-utils.js HTTP/1.1" 200 -
::1 - - [15/Mar/2026 05:59:12] "GET /predictions-module.js HTTP/1.1" 200 -
::1 - - [15/Mar/2026 05:59:12] "GET /lice-predictions-module.js HTTP/1.1" 200 -
::1 - - [15/Mar/2026 05:59:12] "GET /vessel-risk-module.js HTTP/1.1" 200 -
::1 - - [15/Mar/2026 05:59:12] "GET /audit-module.js HTTP/1.1" 200 -
::1 - - [15/Mar/2026 05:59:12] "GET /vessel-ops-module.js HTTP/1.1" 200 -
::1 - - [15/Mar/2026 05:59:12] "GET /smittespredning-module.js HTTP/1.1" 200 -
::1 - - [15/Mar/2026 05:59:12] "GET /facility-risk-module.js HTTP/1.1" 200 -
::1 - - [15/Mar/2026 05:59:12] "GET /correlation-network-module.js HTTP/1.1" 200 -
::1 - - [15/Mar/2026 05:59:12] "GET /admin-panel-module.js HTTP/1.1" 200 -
::1 - - [15/Mar/2026 05:59:12] "GET /overview-risk-module.js HTTP/1.1" 200 -
::1 - - [15/Mar/2026 05:59:12] "GET /data-loading-module.js HTTP/1.1" 200 -
::1 - - [15/Mar/2026 05:59:12] "GET /admin-core-module.js HTTP/1.1" 200 -
::1 - - [15/Mar/2026 05:59:12] "GET /ui-orchestration-module.js HTTP/1.1" 200 -
::1 - - [15/Mar/2026 05:59:12] "GET /listeners-module.js HTTP/1.1" 200 -
::1 - - [15/Mar/2026 05:59:12] "GET /correlation-detail-module.js HTTP/1.1" 200 -
::1 - - [15/Mar/2026 05:59:12] "GET /admin-correlations-render-module.js HTTP/1.1" 200 -
::1 - - [15/Mar/2026 05:59:12] "GET /admin-load-fallback-module.js HTTP/1.1" 200 -
::1 - - [15/Mar/2026 05:59:12] "GET /modal-helpers-module.js HTTP/1.1" 200 -
::1 - - [15/Mar/2026 05:59:12] "GET /graph-highlight-module.js HTTP/1.1" 200 -
::1 - - [15/Mar/2026 05:59:12] "GET /graph-controls-module.js HTTP/1.1" 200 -
::1 - - [15/Mar/2026 05:59:12] "GET /priority-actions-module.js HTTP/1.1" 200 -
::1 - - [15/Mar/2026 05:59:12] "GET /admin-actions-module.js HTTP/1.1" 200 -
::1 - - [15/Mar/2026 05:59:12] "GET /modal-events-module.js HTTP/1.1" 200 -
::1 - - [15/Mar/2026 05:59:12] "GET /ui-filter-bindings-module.js HTTP/1.1" 200 -
::1 - - [15/Mar/2026 05:59:12] "GET /smitte-listeners-module.js HTTP/1.1" 200 -
::1 - - [15/Mar/2026 05:59:12] "GET /core-load-bindings-module.js HTTP/1.1" 200 -
::1 - - [15/Mar/2026 05:59:12] "GET /vessel-risk-filters-module.js HTTP/1.1" 200 -
::1 - - [15/Mar/2026 05:59:12] "GET /predictions-zone-filters-module.js HTTP/1.1" 200 -
::1 - - [15/Mar/2026 05:59:12] "GET /vessel-search-module.js HTTP/1.1" 200 -
::1 - - [15/Mar/2026 05:59:12] "GET /b-surveys-module.js HTTP/1.1" 200 -
::1 - - [15/Mar/2026 05:59:12] "GET /lice-overview-module.js HTTP/1.1" 200 -
::1 - - [15/Mar/2026 05:59:12] "GET /dom-init-module.js HTTP/1.1" 200 -
::1 - - [15/Mar/2026 05:59:12] "GET /help-guide.js HTTP/1.1" 200 -
::1 - - [15/Mar/2026 05:59:12] "GET /auto-load-manager.js HTTP/1.1" 200 -
::1 - - [15/Mar/2026 05:59:12] "GET /app.js HTTP/1.1" 200 -
::1 - - [15/Mar/2026 05:59:12] "GET /shared-glossary.json HTTP/1.1" 200 -
::1 - - [15/Mar/2026 05:59:12] "GET /favicon.svg HTTP/1.1" 200 -
::1 - - [15/Mar/2026 05:59:43] "GET / HTTP/1.1" 200 -
::1 - - [15/Mar/2026 05:59:43] "GET /styles.css HTTP/1.1" 200 -
::1 - - [15/Mar/2026 05:59:43] "GET /help-guide.css HTTP/1.1" 200 -
::1 - - [15/Mar/2026 05:59:43] "GET /predictions-utils.js HTTP/1.1" 200 -
::1 - - [15/Mar/2026 05:59:43] "GET /predictions-module.js HTTP/1.1" 200 -
::1 - - [15/Mar/2026 05:59:43] "GET /lice-predictions-module.js HTTP/1.1" 200 -
::1 - - [15/Mar/2026 05:59:43] "GET /vessel-risk-module.js HTTP/1.1" 200 -
::1 - - [15/Mar/2026 05:59:43] "GET /audit-module.js HTTP/1.1" 200 -
::1 - - [15/Mar/2026 05:59:43] "GET /vessel-ops-module.js HTTP/1.1" 200 -
::1 - - [15/Mar/2026 05:59:43] "GET /smittespredning-module.js HTTP/1.1" 200 -
::1 - - [15/Mar/2026 05:59:43] "GET /facility-risk-module.js HTTP/1.1" 200 -
::1 - - [15/Mar/2026 05:59:43] "GET /correlation-network-module.js HTTP/1.1" 200 -
::1 - - [15/Mar/2026 05:59:43] "GET /admin-panel-module.js HTTP/1.1" 200 -
::1 - - [15/Mar/2026 05:59:43] "GET /overview-risk-module.js HTTP/1.1" 200 -
::1 - - [15/Mar/2026 05:59:43] "GET /data-loading-module.js HTTP/1.1" 200 -
::1 - - [15/Mar/2026 05:59:43] "GET /admin-core-module.js HTTP/1.1" 200 -
::1 - - [15/Mar/2026 05:59:43] "GET /ui-orchestration-module.js HTTP/1.1" 200 -
::1 - - [15/Mar/2026 05:59:43] "GET /listeners-module.js HTTP/1.1" 200 -
::1 - - [15/Mar/2026 05:59:43] "GET /correlation-detail-module.js HTTP/1.1" 200 -
::1 - - [15/Mar/2026 05:59:43] "GET /admin-correlations-render-module.js HTTP/1.1" 200 -
::1 - - [15/Mar/2026 05:59:43] "GET /admin-load-fallback-module.js HTTP/1.1" 200 -
::1 - - [15/Mar/2026 05:59:43] "GET /modal-helpers-module.js HTTP/1.1" 200 -
::1 - - [15/Mar/2026 05:59:43] "GET /graph-highlight-module.js HTTP/1.1" 200 -
::1 - - [15/Mar/2026 05:59:43] "GET /graph-controls-module.js HTTP/1.1" 200 -
::1 - - [15/Mar/2026 05:59:43] "GET /priority-actions-module.js HTTP/1.1" 200 -
::1 - - [15/Mar/2026 05:59:43] "GET /admin-actions-module.js HTTP/1.1" 200 -
::1 - - [15/Mar/2026 05:59:43] "GET /modal-events-module.js HTTP/1.1" 200 -
::1 - - [15/Mar/2026 05:59:43] "GET /ui-filter-bindings-module.js HTTP/1.1" 200 -
::1 - - [15/Mar/2026 05:59:43] "GET /smitte-listeners-module.js HTTP/1.1" 200 -
::1 - - [15/Mar/2026 05:59:43] "GET /core-load-bindings-module.js HTTP/1.1" 200 -
::1 - - [15/Mar/2026 05:59:43] "GET /vessel-risk-filters-module.js HTTP/1.1" 200 -
::1 - - [15/Mar/2026 05:59:43] "GET /predictions-zone-filters-module.js HTTP/1.1" 200 -
::1 - - [15/Mar/2026 05:59:43] "GET /vessel-search-module.js HTTP/1.1" 200 -
::1 - - [15/Mar/2026 05:59:43] "GET /b-surveys-module.js HTTP/1.1" 200 -
::1 - - [15/Mar/2026 05:59:43] "GET /lice-overview-module.js HTTP/1.1" 200 -
::1 - - [15/Mar/2026 05:59:43] "GET /dom-init-module.js HTTP/1.1" 200 -
::1 - - [15/Mar/2026 05:59:43] "GET /help-guide.js HTTP/1.1" 200 -
::1 - - [15/Mar/2026 05:59:43] "GET /auto-load-manager.js HTTP/1.1" 200 -
::1 - - [15/Mar/2026 05:59:43] "GET /app.js HTTP/1.1" 200 -
::1 - - [15/Mar/2026 05:59:43] "GET /shared-glossary.json HTTP/1.1" 200 -
::1 - - [15/Mar/2026 05:59:43] "GET /favicon.svg HTTP/1.1" 200 -
::1 - - [16/Mar/2026 13:23:16] "GET / HTTP/1.1" 200 -
::1 - - [16/Mar/2026 13:23:17] "GET /styles.css HTTP/1.1" 200 -
::1 - - [16/Mar/2026 13:23:17] "GET /help-guide.css HTTP/1.1" 200 -
::1 - - [16/Mar/2026 13:23:17] "GET /predictions-utils.js HTTP/1.1" 200 -
::1 - - [16/Mar/2026 13:23:17] "GET /predictions-module.js HTTP/1.1" 200 -
::1 - - [16/Mar/2026 13:23:17] "GET /lice-predictions-module.js HTTP/1.1" 200 -
::1 - - [16/Mar/2026 13:23:17] "GET /vessel-risk-module.js HTTP/1.1" 200 -
::1 - - [16/Mar/2026 13:23:17] "GET /audit-module.js HTTP/1.1" 200 -
::1 - - [16/Mar/2026 13:23:17] "GET /vessel-ops-module.js HTTP/1.1" 200 -
::1 - - [16/Mar/2026 13:23:17] "GET /smittespredning-module.js HTTP/1.1" 200 -
::1 - - [16/Mar/2026 13:23:17] "GET /facility-risk-module.js HTTP/1.1" 200 -
::1 - - [16/Mar/2026 13:23:17] "GET /correlation-network-module.js HTTP/1.1" 200 -
::1 - - [16/Mar/2026 13:23:17] "GET /admin-panel-module.js HTTP/1.1" 200 -
::1 - - [16/Mar/2026 13:23:17] "GET /overview-risk-module.js HTTP/1.1" 200 -
::1 - - [16/Mar/2026 13:23:17] "GET /data-loading-module.js HTTP/1.1" 200 -
::1 - - [16/Mar/2026 13:23:17] "GET /admin-core-module.js HTTP/1.1" 200 -
::1 - - [16/Mar/2026 13:23:17] "GET /ui-orchestration-module.js HTTP/1.1" 200 -
::1 - - [16/Mar/2026 13:23:17] "GET /listeners-module.js HTTP/1.1" 200 -
::1 - - [16/Mar/2026 13:23:17] "GET /correlation-detail-module.js HTTP/1.1" 200 -
::1 - - [16/Mar/2026 13:23:17] "GET /admin-correlations-render-module.js HTTP/1.1" 200 -
::1 - - [16/Mar/2026 13:23:17] "GET /admin-load-fallback-module.js HTTP/1.1" 200 -
::1 - - [16/Mar/2026 13:23:17] "GET /modal-helpers-module.js HTTP/1.1" 200 -
::1 - - [16/Mar/2026 13:23:17] "GET /graph-highlight-module.js HTTP/1.1" 200 -
::1 - - [16/Mar/2026 13:23:17] "GET /graph-controls-module.js HTTP/1.1" 200 -
::1 - - [16/Mar/2026 13:23:17] "GET /priority-actions-module.js HTTP/1.1" 200 -
::1 - - [16/Mar/2026 13:23:17] "GET /admin-actions-module.js HTTP/1.1" 200 -
::1 - - [16/Mar/2026 13:23:17] "GET /modal-events-module.js HTTP/1.1" 200 -
::1 - - [16/Mar/2026 13:23:17] "GET /ui-filter-bindings-module.js HTTP/1.1" 200 -
::1 - - [16/Mar/2026 13:23:17] "GET /smitte-listeners-module.js HTTP/1.1" 200 -
::1 - - [16/Mar/2026 13:23:17] "GET /core-load-bindings-module.js HTTP/1.1" 200 -
::1 - - [16/Mar/2026 13:23:17] "GET /vessel-risk-filters-module.js HTTP/1.1" 200 -
::1 - - [16/Mar/2026 13:23:17] "GET /predictions-zone-filters-module.js HTTP/1.1" 200 -
::1 - - [16/Mar/2026 13:23:17] "GET /vessel-search-module.js HTTP/1.1" 200 -
::1 - - [16/Mar/2026 13:23:17] "GET /b-surveys-module.js HTTP/1.1" 200 -
::1 - - [16/Mar/2026 13:23:17] "GET /lice-overview-module.js HTTP/1.1" 200 -
::1 - - [16/Mar/2026 13:23:17] "GET /dom-init-module.js HTTP/1.1" 200 -
::1 - - [16/Mar/2026 13:23:17] "GET /help-guide.js HTTP/1.1" 200 -
::1 - - [16/Mar/2026 13:23:17] "GET /auto-load-manager.js HTTP/1.1" 200 -
::1 - - [16/Mar/2026 13:23:17] "GET /app.js HTTP/1.1" 200 -
::1 - - [16/Mar/2026 13:23:17] "GET /shared-glossary.json HTTP/1.1" 200 -
::1 - - [16/Mar/2026 13:23:17] "GET /favicon.svg HTTP/1.1" 200 -
::1 - - [16/Mar/2026 14:58:40] "GET / HTTP/1.1" 200 -
::1 - - [16/Mar/2026 14:58:40] "GET /styles.css HTTP/1.1" 200 -
::1 - - [16/Mar/2026 14:58:40] "GET /help-guide.css HTTP/1.1" 200 -
::1 - - [16/Mar/2026 14:58:40] "GET /predictions-utils.js HTTP/1.1" 200 -
::1 - - [16/Mar/2026 14:58:40] "GET /predictions-module.js HTTP/1.1" 200 -
::1 - - [16/Mar/2026 14:58:40] "GET /lice-predictions-module.js HTTP/1.1" 200 -
::1 - - [16/Mar/2026 14:58:40] "GET /vessel-risk-module.js HTTP/1.1" 200 -
::1 - - [16/Mar/2026 14:58:40] "GET /audit-module.js HTTP/1.1" 200 -
::1 - - [16/Mar/2026 14:58:40] "GET /vessel-ops-module.js HTTP/1.1" 200 -
::1 - - [16/Mar/2026 14:58:40] "GET /smittespredning-module.js HTTP/1.1" 200 -
::1 - - [16/Mar/2026 14:58:40] "GET /facility-risk-module.js HTTP/1.1" 200 -
::1 - - [16/Mar/2026 14:58:40] "GET /correlation-network-module.js HTTP/1.1" 200 -
::1 - - [16/Mar/2026 14:58:40] "GET /admin-panel-module.js HTTP/1.1" 200 -
::1 - - [16/Mar/2026 14:58:40] "GET /overview-risk-module.js HTTP/1.1" 200 -
::1 - - [16/Mar/2026 14:58:40] "GET /data-loading-module.js HTTP/1.1" 200 -
::1 - - [16/Mar/2026 14:58:40] "GET /admin-core-module.js HTTP/1.1" 200 -
::1 - - [16/Mar/2026 14:58:40] "GET /ui-orchestration-module.js HTTP/1.1" 200 -
::1 - - [16/Mar/2026 14:58:40] "GET /listeners-module.js HTTP/1.1" 200 -
::1 - - [16/Mar/2026 14:58:40] "GET /correlation-detail-module.js HTTP/1.1" 200 -
::1 - - [16/Mar/2026 14:58:40] "GET /admin-correlations-render-module.js HTTP/1.1" 200 -
::1 - - [16/Mar/2026 14:58:40] "GET /admin-load-fallback-module.js HTTP/1.1" 200 -
::1 - - [16/Mar/2026 14:58:40] "GET /modal-helpers-module.js HTTP/1.1" 200 -
::1 - - [16/Mar/2026 14:58:40] "GET /graph-highlight-module.js HTTP/1.1" 200 -
::1 - - [16/Mar/2026 14:58:40] "GET /graph-controls-module.js HTTP/1.1" 200 -
::1 - - [16/Mar/2026 14:58:40] "GET /priority-actions-module.js HTTP/1.1" 200 -
::1 - - [16/Mar/2026 14:58:40] "GET /admin-actions-module.js HTTP/1.1" 200 -
::1 - - [16/Mar/2026 14:58:40] "GET /modal-events-module.js HTTP/1.1" 200 -
::1 - - [16/Mar/2026 14:58:40] "GET /ui-filter-bindings-module.js HTTP/1.1" 200 -
::1 - - [16/Mar/2026 14:58:40] "GET /smitte-listeners-module.js HTTP/1.1" 200 -
::1 - - [16/Mar/2026 14:58:40] "GET /core-load-bindings-module.js HTTP/1.1" 200 -
::1 - - [16/Mar/2026 14:58:40] "GET /vessel-risk-filters-module.js HTTP/1.1" 200 -
::1 - - [16/Mar/2026 14:58:40] "GET /predictions-zone-filters-module.js HTTP/1.1" 200 -
::1 - - [16/Mar/2026 14:58:40] "GET /vessel-search-module.js HTTP/1.1" 200 -
::1 - - [16/Mar/2026 14:58:40] "GET /b-surveys-module.js HTTP/1.1" 200 -
::1 - - [16/Mar/2026 14:58:40] "GET /lice-overview-module.js HTTP/1.1" 200 -
::1 - - [16/Mar/2026 14:58:40] "GET /dom-init-module.js HTTP/1.1" 200 -
::1 - - [16/Mar/2026 14:58:40] "GET /help-guide.js HTTP/1.1" 200 -
::1 - - [16/Mar/2026 14:58:40] "GET /auto-load-manager.js HTTP/1.1" 200 -
::1 - - [16/Mar/2026 14:58:40] "GET /app.js HTTP/1.1" 200 -
::1 - - [16/Mar/2026 14:58:40] "GET /shared-glossary.json HTTP/1.1" 200 -
::1 - - [16/Mar/2026 14:58:40] "GET /favicon.svg HTTP/1.1" 200 -
::ffff:127.0.0.1 - - [16/Mar/2026 15:18:19] "GET / HTTP/1.1" 200 -
::ffff:127.0.0.1 - - [16/Mar/2026 15:20:58] "GET / HTTP/1.1" 200 -
::ffff:127.0.0.1 - - [16/Mar/2026 15:21:11] "GET / HTTP/1.1" 200 -
::ffff:127.0.0.1 - - [16/Mar/2026 16:07:39] "GET / HTTP/1.1" 200 -
::ffff:127.0.0.1 - - [16/Mar/2026 16:07:39] code 404, message File not found
::ffff:127.0.0.1 - - [16/Mar/2026 16:07:39] "GET /health HTTP/1.1" 404 -
::ffff:127.0.0.1 - - [16/Mar/2026 16:08:26] "GET / HTTP/1.1" 200 -
::ffff:127.0.0.1 - - [16/Mar/2026 16:10:34] code 404, message File not found
::ffff:127.0.0.1 - - [16/Mar/2026 16:10:34] "GET /vessel.js HTTP/1.1" 404 -
::ffff:127.0.0.1 - - [16/Mar/2026 16:10:34] code 404, message File not found
::ffff:127.0.0.1 - - [16/Mar/2026 16:10:34] "GET /facility-data.js HTTP/1.1" 404 -
::ffff:127.0.0.1 - - [16/Mar/2026 16:10:34] "GET /app.js HTTP/1.1" 200 -
::ffff:127.0.0.1 - - [16/Mar/2026 16:10:34] code 404, message File not found
::ffff:127.0.0.1 - - [16/Mar/2026 16:10:34] "GET /vessel-dashboard-lite.html HTTP/1.1" 404 -
